19.04.2019 17:33:42	This log contains information about the import schema operation into project 'Lingva.DB' on computer 'DP1337' by user 'sbehm'.
19.04.2019 17:33:42	Import of database schema has started.
19.04.2019 17:33:49	Gathering database credentials
19.04.2019 17:33:49	Gathering database options
19.04.2019 17:33:49	Gathering generic database scoped configuration option
19.04.2019 17:33:49	Gathering users
19.04.2019 17:33:49	Gathering roles
19.04.2019 17:33:49	Gathering application roles
19.04.2019 17:33:49	Gathering role memberships
19.04.2019 17:33:49	Gathering filegroups
19.04.2019 17:33:49	Gathering full-text catalogs
19.04.2019 17:33:49	Gathering assemblies
19.04.2019 17:33:49	Gathering certificates
19.04.2019 17:33:49	Gathering asymmetric keys
19.04.2019 17:33:49	Gathering symmetric keys
19.04.2019 17:33:49	Gathering encrypted symmetric keys
19.04.2019 17:33:49	Gathering schemas
19.04.2019 17:33:49	Gathering XML schema collections
19.04.2019 17:33:49	Gathering user-defined data types
19.04.2019 17:33:49	Gathering user-defined types
19.04.2019 17:33:49	Gathering table types
19.04.2019 17:33:49	Gathering unique keys for table types
19.04.2019 17:33:49	Gathering primary keys for table types
19.04.2019 17:33:49	Gathering indexes for table types
19.04.2019 17:33:49	Gathering check constraints for table types
19.04.2019 17:33:49	Gathering default constraints for table types
19.04.2019 17:33:49	Gathering partition functions
19.04.2019 17:33:49	Gathering partition schemes
19.04.2019 17:33:49	Gathering functions
19.04.2019 17:33:49	Gathering encrypted functions
19.04.2019 17:33:49	Gathering aggregates
19.04.2019 17:33:49	Gathering procedures
19.04.2019 17:33:49	Gathering encrypted procedures
19.04.2019 17:33:49	Gathering tables
19.04.2019 17:33:49	Gathering primary keys
19.04.2019 17:33:49	Gathering unique constraints
19.04.2019 17:33:49	Gathering foreign keys
19.04.2019 17:33:49	Gathering default constraints
19.04.2019 17:33:49	Gathering check constraints
19.04.2019 17:33:49	Gathering views
19.04.2019 17:33:49	Gathering encrypted views
19.04.2019 17:33:49	Gathering indexes
19.04.2019 17:33:49	Gathering statistics
19.04.2019 17:33:49	Gathering full-text index stoplists
19.04.2019 17:33:49	Gathering search property lists
19.04.2019 17:33:49	Gathering search properties
19.04.2019 17:33:49	Gathering full-text indexes
19.04.2019 17:33:49	Gathering column store indexes
19.04.2019 17:33:49	Gathering spatial indexes
19.04.2019 17:33:49	Gathering XML indexes
19.04.2019 17:33:49	Gathering Selective XML indexes
19.04.2019 17:33:49	Gathering encrypted triggers
19.04.2019 17:33:49	Gathering triggers
19.04.2019 17:33:49	Gathering encrypted and clr ddl triggers
19.04.2019 17:33:49	Gathering ddl triggers
19.04.2019 17:33:49	Gathering synonyms
19.04.2019 17:33:49	Gathering defaults
19.04.2019 17:33:49	Gathering data constraint uddt bindings
19.04.2019 17:33:49	Gathering rules
19.04.2019 17:33:49	Gathering data constraint uddt bindings
19.04.2019 17:33:49	Gathering message types
19.04.2019 17:33:49	Gathering queues
19.04.2019 17:33:49	Gathering contracts
19.04.2019 17:33:49	Gathering services
19.04.2019 17:33:49	Gathering event notifications
19.04.2019 17:33:49	Gathering remote service bindings
19.04.2019 17:33:49	Gathering broker priorities
19.04.2019 17:33:49	Gathering signatures
19.04.2019 17:33:49	Gathering data compression options
19.04.2019 17:33:49	Gathering sequence types
19.04.2019 17:33:49	Gathering security policies
19.04.2019 17:33:49	Gather column encryption keys
19.04.2019 17:33:49	Gathering column master keys
19.04.2019 17:33:49	Gathering external data sources
19.04.2019 17:33:49	Gathering external file formats
19.04.2019 17:33:49	Gathering external tables
19.04.2019 17:33:49	Gathering extended properties
19.04.2019 17:33:49	Gathering credentials
19.04.2019 17:33:49	Gathering logins
19.04.2019 17:33:49	Gathering server audits
19.04.2019 17:33:51	Scanning project for duplicate elements
19.04.2019 17:33:51	Finished duplicate element processing
19.04.2019 17:33:52	Finished importing database.
19.04.2019 17:33:52	A summary of the import was saved to the following location: C:\Repos\Lingva\Lingva.DB\Lingva.DB\Import Schema Logs\Lingva.DB_20190419023342.log
19.04.2019 17:33:52	Click Finish to continue...
